[2019-05-17 10:48:24] Текст ошибки: Нет соединения с БД | Файл: C:\OSPanel\domains\master\vendor\mast\core\Db.php | Строка: 17
=====
[2019-05-17 11:10:18] Текст ошибки: Class 'app\controllers\Cache' not found | Файл: C:\OSPanel\domains\master\app\controllers\MainController.php | Строка: 18
=====
[2019-05-17 11:12:14] Текст ошибки: Class 'app\controllers\Cache' not found | Файл: C:\OSPanel\domains\master\app\controllers\MainController.php | Строка: 18
=====
[2019-05-17 11:12:46] Текст ошибки: Class 'app\controllers\Cache' not found | Файл: C:\OSPanel\domains\master\app\controllers\MainController.php | Строка: 18
=====
[2019-05-17 11:15:45] Текст ошибки: syntax error, unexpected ',' | Файл: C:\OSPanel\domains\master\vendor\mast\core\Cache.php | Строка: 16
=====
[2019-05-17 11:16:22] Текст ошибки: syntax error, unexpected ',' | Файл: C:\OSPanel\domains\master\vendor\mast\core\Cache.php | Строка: 16
=====
[2019-05-17 11:17:19] Текст ошибки: syntax error, unexpected ',' | Файл: C:\OSPanel\domains\master\vendor\mast\core\Cache.php | Строка: 15
=====
[2019-05-18 17:58:27] Текст ошибки: Страница не найдена | Файл: C:\OSPanel\domains\master\vendor\mast\core\Router.php | Строка: 43
=====
[2019-05-18 18:43:06] Текст ошибки: Class 'app\controllers\R' not found | Файл: C:\OSPanel\domains\master\app\controllers\MainController.php | Строка: 12
=====
[2019-05-18 18:44:09] Текст ошибки: Class 'mast\R' not found | Файл: C:\OSPanel\domains\master\vendor\mast\core\Db.php | Строка: 15
=====
[2019-05-18 18:47:53] Текст ошибки: Страница не найдена | Файл: C:\OSPanel\domains\master\vendor\mast\core\Router.php | Строка: 43
=====
[2019-05-18 18:55:41] Текст ошибки: Class 'mast\R' not found | Файл: C:\OSPanel\domains\master\vendor\mast\core\Db.php | Строка: 15
=====
